<?xml version="1.0" encoding="UTF-8"?>
<!-- Generated by org.testng.reporters.JUnitReportReporter -->
<testsuite skipped="0" hostname="BDC6-DX-J0G8H92" name="demo1.Workouts2" tests="1" failures="0" timestamp="12 Jul 2019 07:34:21 GMT" time="0.013" errors="0">
  <testcase name="add" time="0.013" classname="demo1.Workouts2"/>
</testsuite> <!-- demo1.Workouts2 -->
