<?xml version="1.0" encoding="UTF-8"?>
<!-- Generated by org.testng.reporters.JUnitReportReporter -->
<testsuite skipped="0" hostname="BDC6-DX-J0G8H92" name="demo1.workouts5_testng" tests="3" failures="0" timestamp="12 Jul 2019 09:27:35 GMT" time="0.012" errors="0">
  <testcase name="testlogin" time="0.002" classname="demo1.workouts5_testng"/>
  <testcase name="testlogin" time="0.001" classname="demo1.workouts5_testng"/>
  <testcase name="testlogin" time="0.009" classname="demo1.workouts5_testng"/>
</testsuite> <!-- demo1.workouts5_testng -->
