<?xml version="1.0" encoding="UTF-8"?>
<!-- Generated by org.testng.reporters.JUnitReportReporter -->
<testsuite skipped="0" hostname="BDC6-DX-J0G8H92" name="demo1.workouts3_testng" tests="2" failures="0" timestamp="12 Jul 2019 07:19:40 GMT" time="0.009" errors="0">
  <testcase name="f1" time="0.003" classname="demo1.workouts3_testng"/>
  <testcase name="f" time="0.006" classname="demo1.workouts3_testng"/>
</testsuite> <!-- demo1.workouts3_testng -->
