<?xml version="1.0" encoding="UTF-8"?>
<!-- Generated by org.testng.reporters.JUnitReportReporter -->
<testsuite skipped="0" hostname="BDC6-DX-J0G8H92" name="demo1.WebDriver_Demo1" tests="1" failures="0" timestamp="15 Jul 2019 06:24:17 GMT" time="39.375" errors="0">
  <testcase name="f" time="39.375" classname="demo1.WebDriver_Demo1"/>
</testsuite> <!-- demo1.WebDriver_Demo1 -->
