<?xml version="1.0" encoding="UTF-8"?>
<!-- Generated by org.testng.reporters.JUnitReportReporter -->
<testsuite skipped="0" hostname="BDC6-DX-J0G8H92" name="demo1.WebDriver_Demo2" tests="1" failures="0" timestamp="15 Jul 2019 09:54:42 GMT" time="68.395" errors="0">
  <testcase name="f" time="68.395" classname="demo1.WebDriver_Demo2"/>
</testsuite> <!-- demo1.WebDriver_Demo2 -->
