<?xml version="1.0" encoding="UTF-8"?>
<!-- Generated by org.testng.reporters.JUnitReportReporter -->
<testsuite skipped="1" hostname="BDC6-DX-J0G8H92" name="demo1.workouts4_testng" tests="4" failures="0" timestamp="12 Jul 2019 09:04:29 GMT" time="0.022" errors="0">
  <testcase name="A" time="0.014" classname="demo1.workouts4_testng"/>
  <testcase name="c" time="0.004" classname="demo1.workouts4_testng"/>
  <testcase name="a" time="0.004" classname="demo1.workouts4_testng"/>
  <testcase name="B" classname="demo1.workouts4_testng">
    <skipped/>
  </testcase> <!-- B -->
</testsuite> <!-- demo1.workouts4_testng -->
